  main.cpp
C:\Users\user\source\repos\OOP_LabRab11_t5\List.h(11,20): warning C4267: 'initializing': conversion from 'size_t' to 'int', possible loss of data
C:\Users\user\source\repos\OOP_LabRab11_t5\List.h(48,22): message : while compiling class template member function 'List<int>::List(int)'
C:\Users\user\source\repos\OOP_LabRab11_t5\main.cpp(20,12): message : see the first reference to 'List<int>::List' in 'main'
C:\Users\user\source\repos\OOP_LabRab11_t5\main.cpp(20,21): message : see reference to class template instantiation 'List<int>' being compiled
C:\Users\user\source\repos\OOP_LabRab11_t5\List.h(73,9): warning C4267: 'initializing': conversion from 'size_t' to 'T', possible loss of data
          with
          [
              T=int
          ]
C:\Users\user\source\repos\OOP_LabRab11_t5\List.h(67,23): message : while compiling class template member function 'T List<T>::findMean(void)'
          with
          [
              T=int
          ]
C:\Users\user\source\repos\OOP_LabRab11_t5\List.h(81,9): message : see the first reference to 'List<int>::findMean' in 'List<int>::addMean'
C:\Users\user\source\repos\OOP_LabRab11_t5\main.cpp(24,14): message : see the first reference to 'List<int>::addMean' in 'main'
C:\Users\user\source\repos\OOP_LabRab11_t5\List.h(48,22): message : while compiling class template member function 'List<int>::List(int)'
C:\Users\user\source\repos\OOP_LabRab11_t5\main.cpp(20,12): message : see the first reference to 'List<int>::List' in 'main'
  OOP_LabRab11_t5.vcxproj -> C:\Users\user\source\repos\OOP_LabRab11_t5\x64\Debug\OOP_LabRab11_t5.exe
